<?xml version="1.0" encoding="UTF-8"?>
<testsuite xmlns:xsi="http://www.w3.org/2001/XMLSchema-instance" xsi:noNamespaceSchemaLocation="https://maven.apache.org/surefire/maven-surefire-plugin/xsd/surefire-test-report-3.0.xsd" version="3.0" name="java2.lab06.ReactiveGreetingResourceTest" time="6.252" tests="1" errors="0" skipped="0" failures="0">
  <properties>
[...]
</properties>
  <testcase name="testHelloEndpoint" classname="java2.lab06.ReactiveGreetingResourceTest" time="0.408">
    <system-out><![CDATA[2023-05-07 19:01:46,572 INFO  [io.quarkus] (main) lab06 1.0.0-SNAPSHOT on JVM (powered by Quarkus 2.16.5.Final) started in 3.457s. Listening on: http://0.0.0.0:8081
2023-05-07 19:01:46,575 INFO  [io.quarkus] (main) Profile test activated. 
2023-05-07 19:01:46,575 INFO  [io.quarkus] (main) Installed features: [agroal, cdi, config-yaml, hibernate-orm, jdbc-h2, narayana-jta, resteasy, resteasy-jsonb, smallrye-context-propagation, vertx]
]]></system-out>
  </testcase>
</testsuite>